[debug] [2023-05-19T12:45:26.792Z] ----------------------------------------------------------------------
[debug] [2023-05-19T12:45:26.794Z] Command:       C:\Program Files\nodejs\node.exe C:\Users\Bisrat\AppData\Roaming\npm\node_modules\firebase-tools\lib\bin\firebase.js init
[debug] [2023-05-19T12:45:26.795Z] CLI Version:   12.0.1
[debug] [2023-05-19T12:45:26.795Z] Platform:      win32
[debug] [2023-05-19T12:45:26.796Z] Node Version:  v18.16.0
[debug] [2023-05-19T12:45:26.797Z] Time:          Fri May 19 2023 14:45:26 GMT+0200 (Central European Summer Time)
[debug] [2023-05-19T12:45:26.797Z] ----------------------------------------------------------------------
[debug] 
[debug] [2023-05-19T12:45:26.801Z] >>> [apiv2][query] GET https://firebase-public.firebaseio.com/cli.json [none]
[debug] [2023-05-19T12:45:26.883Z] > command requires scopes: ["email","openid","https://www.googleapis.com/auth/cloudplatformprojects.readonly","https://www.googleapis.com/auth/firebase","https://www.googleapis.com/auth/cloud-platform"]
[debug] [2023-05-19T12:45:26.884Z] > authorizing via signed-in user (lalatube71@gmail.com)
[info] 
     ######## #### ########  ######## ########     ###     ######  ########
     ##        ##  ##     ## ##       ##     ##  ##   ##  ##       ##
     ######    ##  ########  ######   ########  #########  ######  ######
     ##        ##  ##    ##  ##       ##     ## ##     ##       ## ##
     ##       #### ##     ## ######## ########  ##     ##  ######  ########

You're about to initialize a Firebase project in this directory:

  C:\Users\Bisrat\Documents\Courses\Github Projects\portfolio-starter

[debug] [2023-05-19T12:45:27.586Z] <<< [apiv2][status] GET https://firebase-public.firebaseio.com/cli.json 200
[debug] [2023-05-19T12:45:27.587Z] <<< [apiv2][body] GET https://firebase-public.firebaseio.com/cli.json {"cloudBuildErrorAfter":1594252800000,"cloudBuildWarnAfter":1590019200000,"defaultNode10After":1594252800000,"minVersion":"3.0.5","node8DeploysDisabledAfter":1613390400000,"node8RuntimeDisabledAfter":1615809600000,"node8WarnAfter":1600128000000}
